
/home/runner/work/exp-encryption-plaintext-using-aes-au/exp-encryption-plaintext-using-aes-au/experiment/simulation/static/js/787.36a3ae3a.chunk.js
  1:691   warning  Empty block statement  no-empty
  1:4425  warning  Empty block statement  no-empty

/home/runner/work/exp-encryption-plaintext-using-aes-au/exp-encryption-plaintext-using-aes-au/experiment/simulation/static/js/main.0e55ad3f.js
  2:671     warning  Unexpected combined character in character class                           no-misleading-character-class
  2:2560    warning  Unnecessary escape character: \-                                           no-useless-escape
  2:2642    warning  Do not access Object.prototype method 'hasOwnProperty' from target object  no-prototype-builtins
  2:7180    warning  Expected a conditional expression and instead saw an assignment            no-cond-assign
  2:8170    warning  Empty block statement                                                      no-empty
  2:9375    warning  Do not access Object.prototype method 'hasOwnProperty' from target object  no-prototype-builtins
  2:10835   warning  Do not access Object.prototype method 'hasOwnProperty' from target object  no-prototype-builtins
  2:10876   warning  Do not access Object.prototype method 'hasOwnProperty' from target object  no-prototype-builtins
  2:11041   warning  Do not access Object.prototype method 'hasOwnProperty' from target object  no-prototype-builtins
  2:11068   warning  Do not access Object.prototype method 'hasOwnProperty' from target object  no-prototype-builtins
  2:11656   warning  Do not access Object.prototype method 'hasOwnProperty' from target object  no-prototype-builtins
  2:13290   warning  'MSApp' is not defined                                                     no-undef
  2:13333   warning  'n' is defined but never used                                              no-unused-vars
  2:13335   warning  'r' is defined but never used                                              no-unused-vars
  2:13338   warning  'MSApp' is not defined                                                     no-undef
  2:14303   warning  Do not access Object.prototype method 'hasOwnProperty' from target object  no-prototype-builtins
  2:14396   warning  Do not access Object.prototype method 'hasOwnProperty' from target object  no-prototype-builtins
  2:15603   warning  Expected a conditional expression and instead saw an assignment            no-cond-assign
  2:16625   warning  Expected to return a value in method 'get'                                 getter-return
  2:16762   warning  'r' is defined but never used                                              no-unused-vars
  2:16764   warning  'a' is defined but never used                                              no-unused-vars
  2:16766   warning  'i' is defined but never used                                              no-unused-vars
  2:16768   warning  'o' is defined but never used                                              no-unused-vars
  2:16770   warning  'l' is defined but never used                                              no-unused-vars
  2:16772   warning  's' is defined but never used                                              no-unused-vars
  2:16945   warning  'e' is defined but never used                                              no-unused-vars
  2:16947   warning  't' is defined but never used                                              no-unused-vars
  2:16949   warning  'n' is defined but never used                                              no-unused-vars
  2:16951   warning  'r' is defined but never used                                              no-unused-vars
  2:16953   warning  'a' is defined but never used                                              no-unused-vars
  2:16955   warning  'i' is defined but never used                                              no-unused-vars
  2:16957   warning  'o' is defined but never used                                              no-unused-vars
  2:16959   warning  'l' is defined but never used                                              no-unused-vars
  2:16961   warning  's' is defined but never used                                              no-unused-vars
  2:25840   warning  Do not access Object.prototype method 'hasOwnProperty' from target object  no-prototype-builtins
  2:26160   warning  Invalid typeof comparison value                                            valid-typeof
  2:26334   warning  Invalid typeof comparison value                                            valid-typeof
  2:33138   warning  Expected a conditional expression and instead saw an assignment            no-cond-assign
  2:34356   warning  Do not access Object.prototype method 'hasOwnProperty' from target object  no-prototype-builtins
  2:36856   warning  'e' is defined but never used                                              no-unused-vars
  2:36858   warning  't' is defined but never used                                              no-unused-vars
  2:36860   warning  'n' is defined but never used                                              no-unused-vars
  2:36862   warning  'r' is defined but never used                                              no-unused-vars
  2:36864   warning  'a' is defined but never used                                              no-unused-vars
  2:36866   warning  'o' is defined but never used                                              no-unused-vars
  2:36868   warning  'l' is defined but never used                                              no-unused-vars
  2:36870   warning  's' is defined but never used                                              no-unused-vars
  2:36872   warning  'u' is defined but never used                                              no-unused-vars
  2:38813   warning  Expected a 'break' statement before 'case'                                 no-fallthrough
  2:39000   warning  Expected a 'break' statement before 'case'                                 no-fallthrough
  2:40111   warning  Expected a conditional expression and instead saw an assignment            no-cond-assign
  2:40185   warning  Expected a conditional expression and instead saw an assignment            no-cond-assign
  2:41538   warning  Expected a 'break' statement before 'case'                                 no-fallthrough
  2:43510   warning  Unexpected control character(s) in regular expression: \x00                no-control-regex
  2:45116   warning  Expected a conditional expression and instead saw an assignment            no-cond-assign
  2:45216   warning  Expected a conditional expression and instead saw an assignment            no-cond-assign
  2:52615   warning  Expected a 'break' statement before 'case'                                 no-fallthrough
  2:54582   warning  Expected a conditional expression and instead saw an assignment            no-cond-assign
  2:56033   warning  Expected a conditional expression and instead saw an assignment            no-cond-assign
  2:61865   warning  Expected a conditional expression and instead saw an assignment            no-cond-assign
  2:68476   warning  Empty block statement                                                      no-empty
  2:75663   warning  Expected a conditional expression and instead saw an assignment            no-cond-assign
  2:76793   warning  Expected a conditional expression and instead saw an assignment            no-cond-assign
  2:79550   warning  Expected a conditional expression and instead saw an assignment            no-cond-assign
  2:85165   warning  Do not access Object.prototype method 'hasOwnProperty' from target object  no-prototype-builtins
  2:85445   warning  Do not access Object.prototype method 'hasOwnProperty' from target object  no-prototype-builtins
  2:85890   warning  Unnecessary escape character: \/                                           no-useless-escape
  2:86758   warning  Do not access Object.prototype method 'hasOwnProperty' from target object  no-prototype-builtins
  2:87066   warning  Do not access Object.prototype method 'hasOwnProperty' from target object  no-prototype-builtins
  2:92059   warning  Do not access Object.prototype method 'hasOwnProperty' from target object  no-prototype-builtins
  2:92080   warning  Do not access Object.prototype method 'hasOwnProperty' from target object  no-prototype-builtins
  2:92150   warning  Do not access Object.prototype method 'hasOwnProperty' from target object  no-prototype-builtins
  2:92330   warning  Do not access Object.prototype method 'hasOwnProperty' from target object  no-prototype-builtins
  2:92432   warning  Do not access Object.prototype method 'hasOwnProperty' from target object  no-prototype-builtins
  2:92512   warning  Do not access Object.prototype method 'hasOwnProperty' from target object  no-prototype-builtins
  2:92536   warning  Do not access Object.prototype method 'hasOwnProperty' from target object  no-prototype-builtins
  2:92588   warning  Do not access Object.prototype method 'hasOwnProperty' from target object  no-prototype-builtins
  2:92943   warning  Do not access Object.prototype method 'hasOwnProperty' from target object  no-prototype-builtins
  2:95350   warning  Empty block statement                                                      no-empty
  2:95385   warning  Expected a 'break' statement before 'case'                                 no-fallthrough
  2:99457   warning  Do not access Object.prototype method 'hasOwnProperty' from target object  no-prototype-builtins
  2:99984   warning  Expected a 'break' statement before 'case'                                 no-fallthrough
  2:112490  warning  Empty block statement                                                      no-empty
  2:114192  warning  Empty block statement                                                      no-empty
  2:124671  warning  Expected a conditional expression and instead saw an assignment            no-cond-assign
  2:126416  warning  'je' is a function                                                         no-func-assign
  2:126422  warning  'Ae' is a function                                                         no-func-assign
  2:127369  warning  '__REACT_DEVTOOLS_GLOBAL_HOOK__' is not defined                            no-undef
  2:127472  warning  Empty block statement                                                      no-empty
  2:129825  warning  '__REACT_DEVTOOLS_GLOBAL_HOOK__' is not defined                            no-undef
  2:129869  warning  '__REACT_DEVTOOLS_GLOBAL_HOOK__' is not defined                            no-undef
  2:130347  warning  Do not access Object.prototype method 'hasOwnProperty' from target object  no-prototype-builtins
  2:131992  warning  Do not access Object.prototype method 'hasOwnProperty' from target object  no-prototype-builtins
  2:135020  warning  Do not access Object.prototype method 'hasOwnProperty' from target object  no-prototype-builtins
  2:137964  warning  'setImmediate' is not defined                                              no-undef
  2:141872  warning  'e' is defined but never used                                              no-unused-vars
  2:141995  warning  'o' is defined but never used                                              no-unused-vars
  2:144729  warning  Unsafe usage of ReturnStatement                                            no-unsafe-finally
  2:144749  warning  Unsafe usage of ThrowStatement                                             no-unsafe-finally
  2:145269  warning  'p' is a function                                                          no-func-assign
  2:146103  warning  'y' is a function                                                          no-func-assign
  2:146502  warning  'b' is a function                                                          no-func-assign
  2:147355  warning  'e' is defined but never used                                              no-unused-vars
  2:147357  warning  't' is defined but never used                                              no-unused-vars
  2:147359  warning  'n' is defined but never used                                              no-unused-vars
  2:147369  warning  'S' is a function                                                          no-func-assign
  2:147603  warning  'E' is a function                                                          no-func-assign
  2:148125  warning  'C' is a function                                                          no-func-assign
  2:148602  warning  Empty block statement                                                      no-empty
  2:152859  warning  Unsafe usage of ThrowStatement                                             no-unsafe-finally
  2:157391  warning  're' is assigned a value but never used                                    no-unused-vars
  2:157811  warning  'le' is a function                                                         no-func-assign
  2:158083  warning  'ce' is assigned a value but never used                                    no-unused-vars
  2:163480  warning  'e' is defined but never used                                              no-unused-vars
  2:163536  warning  'e' is defined but never used                                              no-unused-vars
  2:163592  warning  'e' is defined but never used                                              no-unused-vars
  2:163610  warning  'e' is defined but never used                                              no-unused-vars
  2:163755  warning  'e' is defined but never used                                              no-unused-vars
  2:164674  warning  'Fe' is assigned a value but never used                                    no-unused-vars
  2:165502  warning  'Oe' is a function                                                         no-func-assign
  2:167812  warning  Empty block statement                                                      no-empty
  2:179046  warning  Unnecessary escape character: \.                                           no-useless-escape
  2:179068  warning  Unnecessary escape character: \.                                           no-useless-escape
  2:179079  warning  Unnecessary escape character: \,                                           no-useless-escape
  2:179081  warning  Unnecessary escape character: \/                                           no-useless-escape
  2:179091  warning  Unnecessary escape character: \.                                           no-useless-escape
  2:179144  warning  Unnecessary escape character: \.                                           no-useless-escape
  2:179166  warning  Unnecessary escape character: \.                                           no-useless-escape
  2:179177  warning  Unnecessary escape character: \,                                           no-useless-escape
  2:179179  warning  Unnecessary escape character: \/                                           no-useless-escape
  2:179189  warning  Unnecessary escape character: \.                                           no-useless-escape
  2:182687  warning  'require' is not defined                                                   no-undef
  2:182797  warning  Empty block statement                                                      no-empty
  2:187512  warning  Expected a conditional expression and instead saw an assignment            no-cond-assign
  2:200296  warning  Do not access Object.prototype method 'hasOwnProperty' from target object  no-prototype-builtins
  2:200881  warning  Expected a conditional expression and instead saw an assignment            no-cond-assign
  2:216306  warning  Unnecessary escape character: \-                                           no-useless-escape
  2:220903  warning  Do not access Object.prototype method 'hasOwnProperty' from target object  no-prototype-builtins
  2:224346  warning  Do not access Object.prototype method 'hasOwnProperty' from target object  no-prototype-builtins
  2:257470  warning  Redundant double negation                                                  no-extra-boolean-cast
  2:258533  warning  Redundant Boolean call                                                     no-extra-boolean-cast
  2:272386  warning  Unexpected comma in middle of array                                        no-sparse-arrays
  2:277589  warning  'e' is defined but never used                                              no-unused-vars
  2:277591  warning  't' is defined but never used                                              no-unused-vars
  2:286581  warning  'xs' is a function                                                         no-func-assign

/home/runner/work/exp-encryption-plaintext-using-aes-au/exp-encryption-plaintext-using-aes-au/experiment/simulation/static/js/main.61a04a0e.js
  2:671     warning  Unexpected combined character in character class                           no-misleading-character-class
  2:2560    warning  Unnecessary escape character: \-                                           no-useless-escape
  2:2642    warning  Do not access Object.prototype method 'hasOwnProperty' from target object  no-prototype-builtins
  2:7180    warning  Expected a conditional expression and instead saw an assignment            no-cond-assign
  2:8170    warning  Empty block statement                                                      no-empty
  2:9375    warning  Do not access Object.prototype method 'hasOwnProperty' from target object  no-prototype-builtins
  2:10835   warning  Do not access Object.prototype method 'hasOwnProperty' from target object  no-prototype-builtins
  2:10876   warning  Do not access Object.prototype method 'hasOwnProperty' from target object  no-prototype-builtins
  2:11041   warning  Do not access Object.prototype method 'hasOwnProperty' from target object  no-prototype-builtins
  2:11068   warning  Do not access Object.prototype method 'hasOwnProperty' from target object  no-prototype-builtins
  2:11656   warning  Do not access Object.prototype method 'hasOwnProperty' from target object  no-prototype-builtins
  2:13290   warning  'MSApp' is not defined                                                     no-undef
  2:13333   warning  'n' is defined but never used                                              no-unused-vars
  2:13335   warning  'r' is defined but never used                                              no-unused-vars
  2:13338   warning  'MSApp' is not defined                                                     no-undef
  2:14303   warning  Do not access Object.prototype method 'hasOwnProperty' from target object  no-prototype-builtins
  2:14396   warning  Do not access Object.prototype method 'hasOwnProperty' from target object  no-prototype-builtins
  2:15603   warning  Expected a conditional expression and instead saw an assignment            no-cond-assign
  2:16625   warning  Expected to return a value in method 'get'                                 getter-return
  2:16762   warning  'r' is defined but never used                                              no-unused-vars
  2:16764   warning  'a' is defined but never used                                              no-unused-vars
  2:16766   warning  'i' is defined but never used                                              no-unused-vars
  2:16768   warning  'o' is defined but never used                                              no-unused-vars
  2:16770   warning  's' is defined but never used                                              no-unused-vars
  2:16772   warning  'l' is defined but never used                                              no-unused-vars
  2:16945   warning  'e' is defined but never used                                              no-unused-vars
  2:16947   warning  't' is defined but never used                                              no-unused-vars
  2:16949   warning  'n' is defined but never used                                              no-unused-vars
  2:16951   warning  'r' is defined but never used                                              no-unused-vars
  2:16953   warning  'a' is defined but never used                                              no-unused-vars
  2:16955   warning  'i' is defined but never used                                              no-unused-vars
  2:16957   warning  'o' is defined but never used                                              no-unused-vars
  2:16959   warning  's' is defined but never used                                              no-unused-vars
  2:16961   warning  'l' is defined but never used                                              no-unused-vars
  2:25840   warning  Do not access Object.prototype method 'hasOwnProperty' from target object  no-prototype-builtins
  2:26160   warning  Invalid typeof comparison value                                            valid-typeof
  2:26334   warning  Invalid typeof comparison value                                            valid-typeof
  2:33138   warning  Expected a conditional expression and instead saw an assignment            no-cond-assign
  2:34356   warning  Do not access Object.prototype method 'hasOwnProperty' from target object  no-prototype-builtins
  2:36856   warning  'e' is defined but never used                                              no-unused-vars
  2:36858   warning  't' is defined but never used                                              no-unused-vars
  2:36860   warning  'n' is defined but never used                                              no-unused-vars
  2:36862   warning  'r' is defined but never used                                              no-unused-vars
  2:36864   warning  'a' is defined but never used                                              no-unused-vars
  2:36866   warning  'o' is defined but never used                                              no-unused-vars
  2:36868   warning  's' is defined but never used                                              no-unused-vars
  2:36870   warning  'l' is defined but never used                                              no-unused-vars
  2:36872   warning  'u' is defined but never used                                              no-unused-vars
  2:38813   warning  Expected a 'break' statement before 'case'                                 no-fallthrough
  2:39000   warning  Expected a 'break' statement before 'case'                                 no-fallthrough
  2:40111   warning  Expected a conditional expression and instead saw an assignment            no-cond-assign
  2:40185   warning  Expected a conditional expression and instead saw an assignment            no-cond-assign
  2:41538   warning  Expected a 'break' statement before 'case'                                 no-fallthrough
  2:43510   warning  Unexpected control character(s) in regular expression: \x00                no-control-regex
  2:45116   warning  Expected a conditional expression and instead saw an assignment            no-cond-assign
  2:45216   warning  Expected a conditional expression and instead saw an assignment            no-cond-assign
  2:52615   warning  Expected a 'break' statement before 'case'                                 no-fallthrough
  2:54582   warning  Expected a conditional expression and instead saw an assignment            no-cond-assign
  2:56033   warning  Expected a conditional expression and instead saw an assignment            no-cond-assign
  2:61865   warning  Expected a conditional expression and instead saw an assignment            no-cond-assign
  2:68476   warning  Empty block statement                                                      no-empty
  2:75663   warning  Expected a conditional expression and instead saw an assignment            no-cond-assign
  2:76793   warning  Expected a conditional expression and instead saw an assignment            no-cond-assign
  2:79550   warning  Expected a conditional expression and instead saw an assignment            no-cond-assign
  2:85165   warning  Do not access Object.prototype method 'hasOwnProperty' from target object  no-prototype-builtins
  2:85445   warning  Do not access Object.prototype method 'hasOwnProperty' from target object  no-prototype-builtins
  2:85890   warning  Unnecessary escape character: \/                                           no-useless-escape
  2:86758   warning  Do not access Object.prototype method 'hasOwnProperty' from target object  no-prototype-builtins
  2:87066   warning  Do not access Object.prototype method 'hasOwnProperty' from target object  no-prototype-builtins
  2:92059   warning  Do not access Object.prototype method 'hasOwnProperty' from target object  no-prototype-builtins
  2:92080   warning  Do not access Object.prototype method 'hasOwnProperty' from target object  no-prototype-builtins
  2:92150   warning  Do not access Object.prototype method 'hasOwnProperty' from target object  no-prototype-builtins
  2:92330   warning  Do not access Object.prototype method 'hasOwnProperty' from target object  no-prototype-builtins
  2:92432   warning  Do not access Object.prototype method 'hasOwnProperty' from target object  no-prototype-builtins
  2:92512   warning  Do not access Object.prototype method 'hasOwnProperty' from target object  no-prototype-builtins
  2:92536   warning  Do not access Object.prototype method 'hasOwnProperty' from target object  no-prototype-builtins
  2:92588   warning  Do not access Object.prototype method 'hasOwnProperty' from target object  no-prototype-builtins
  2:92943   warning  Do not access Object.prototype method 'hasOwnProperty' from target object  no-prototype-builtins
  2:95350   warning  Empty block statement                                                      no-empty
  2:95385   warning  Expected a 'break' statement before 'case'                                 no-fallthrough
  2:99457   warning  Do not access Object.prototype method 'hasOwnProperty' from target object  no-prototype-builtins
  2:99984   warning  Expected a 'break' statement before 'case'                                 no-fallthrough
  2:112490  warning  Empty block statement                                                      no-empty
  2:114192  warning  Empty block statement                                                      no-empty
  2:124671  warning  Expected a conditional expression and instead saw an assignment            no-cond-assign
  2:126416  warning  'Ne' is a function                                                         no-func-assign
  2:126422  warning  'Te' is a function                                                         no-func-assign
  2:127369  warning  '__REACT_DEVTOOLS_GLOBAL_HOOK__' is not defined                            no-undef
  2:127472  warning  Empty block statement                                                      no-empty
  2:129825  warning  '__REACT_DEVTOOLS_GLOBAL_HOOK__' is not defined                            no-undef
  2:129869  warning  '__REACT_DEVTOOLS_GLOBAL_HOOK__' is not defined                            no-undef
  2:130347  warning  Do not access Object.prototype method 'hasOwnProperty' from target object  no-prototype-builtins
  2:131992  warning  Do not access Object.prototype method 'hasOwnProperty' from target object  no-prototype-builtins
  2:135020  warning  Do not access Object.prototype method 'hasOwnProperty' from target object  no-prototype-builtins
  2:137964  warning  'setImmediate' is not defined                                              no-undef
  2:141872  warning  'e' is defined but never used                                              no-unused-vars
  2:141995  warning  'o' is defined but never used                                              no-unused-vars
  2:144778  warning  Unsafe usage of ReturnStatement                                            no-unsafe-finally
  2:144798  warning  Unsafe usage of ThrowStatement                                             no-unsafe-finally
  2:145318  warning  'p' is a function                                                          no-func-assign
  2:146152  warning  'y' is a function                                                          no-func-assign
  2:146551  warning  'x' is a function                                                          no-func-assign
  2:147404  warning  'e' is defined but never used                                              no-unused-vars
  2:147406  warning  't' is defined but never used                                              no-unused-vars
  2:147408  warning  'n' is defined but never used                                              no-unused-vars
  2:147418  warning  'j' is a function                                                          no-func-assign
  2:147652  warning  'S' is a function                                                          no-func-assign
  2:148174  warning  'E' is a function                                                          no-func-assign
  2:148651  warning  Empty block statement                                                      no-empty
  2:152908  warning  Unsafe usage of ThrowStatement                                             no-unsafe-finally
  2:157440  warning  're' is assigned a value but never used                                    no-unused-vars
  2:157860  warning  'se' is a function                                                         no-func-assign
  2:158132  warning  'ce' is assigned a value but never used                                    no-unused-vars
  2:163529  warning  'e' is defined but never used                                              no-unused-vars
  2:163585  warning  'e' is defined but never used                                              no-unused-vars
  2:163641  warning  'e' is defined but never used                                              no-unused-vars
  2:163659  warning  'e' is defined but never used                                              no-unused-vars
  2:163804  warning  'e' is defined but never used                                              no-unused-vars
  2:164723  warning  'Fe' is assigned a value but never used                                    no-unused-vars
  2:165551  warning  '_e' is a function                                                         no-func-assign
  2:167861  warning  Empty block statement                                                      no-empty
  2:179095  warning  Unnecessary escape character: \.                                           no-useless-escape
  2:179117  warning  Unnecessary escape character: \.                                           no-useless-escape
  2:179128  warning  Unnecessary escape character: \,                                           no-useless-escape
  2:179130  warning  Unnecessary escape character: \/                                           no-useless-escape
  2:179140  warning  Unnecessary escape character: \.                                           no-useless-escape
  2:179193  warning  Unnecessary escape character: \.                                           no-useless-escape
  2:179215  warning  Unnecessary escape character: \.                                           no-useless-escape
  2:179226  warning  Unnecessary escape character: \,                                           no-useless-escape
  2:179228  warning  Unnecessary escape character: \/                                           no-useless-escape
  2:179238  warning  Unnecessary escape character: \.                                           no-useless-escape
  2:182736  warning  'require' is not defined                                                   no-undef
  2:182846  warning  Empty block statement                                                      no-empty
  2:187561  warning  Expected a conditional expression and instead saw an assignment            no-cond-assign
  2:200345  warning  Do not access Object.prototype method 'hasOwnProperty' from target object  no-prototype-builtins
  2:200930  warning  Expected a conditional expression and instead saw an assignment            no-cond-assign
  2:216355  warning  Unnecessary escape character: \-                                           no-useless-escape
  2:220952  warning  Do not access Object.prototype method 'hasOwnProperty' from target object  no-prototype-builtins
  2:224395  warning  Do not access Object.prototype method 'hasOwnProperty' from target object  no-prototype-builtins
  2:257519  warning  Redundant double negation                                                  no-extra-boolean-cast
  2:258582  warning  Redundant Boolean call                                                     no-extra-boolean-cast
  2:272435  warning  Unexpected comma in middle of array                                        no-sparse-arrays
  2:277638  warning  'e' is defined but never used                                              no-unused-vars
  2:277640  warning  't' is defined but never used                                              no-unused-vars
  2:286630  warning  'bl' is a function                                                         no-func-assign

/home/runner/work/exp-encryption-plaintext-using-aes-au/exp-encryption-plaintext-using-aes-au/experiment/simulation/static/js/main.77488667.js
  2:671     warning  Unexpected combined character in character class                           no-misleading-character-class
  2:2560    warning  Unnecessary escape character: \-                                           no-useless-escape
  2:2642    warning  Do not access Object.prototype method 'hasOwnProperty' from target object  no-prototype-builtins
  2:7180    warning  Expected a conditional expression and instead saw an assignment            no-cond-assign
  2:8170    warning  Empty block statement                                                      no-empty
  2:9375    warning  Do not access Object.prototype method 'hasOwnProperty' from target object  no-prototype-builtins
  2:10835   warning  Do not access Object.prototype method 'hasOwnProperty' from target object  no-prototype-builtins
  2:10876   warning  Do not access Object.prototype method 'hasOwnProperty' from target object  no-prototype-builtins
  2:11041   warning  Do not access Object.prototype method 'hasOwnProperty' from target object  no-prototype-builtins
  2:11068   warning  Do not access Object.prototype method 'hasOwnProperty' from target object  no-prototype-builtins
  2:11656   warning  Do not access Object.prototype method 'hasOwnProperty' from target object  no-prototype-builtins
  2:13290   warning  'MSApp' is not defined                                                     no-undef
  2:13333   warning  'n' is defined but never used                                              no-unused-vars
  2:13335   warning  'r' is defined but never used                                              no-unused-vars
  2:13338   warning  'MSApp' is not defined                                                     no-undef
  2:14303   warning  Do not access Object.prototype method 'hasOwnProperty' from target object  no-prototype-builtins
  2:14396   warning  Do not access Object.prototype method 'hasOwnProperty' from target object  no-prototype-builtins
  2:15603   warning  Expected a conditional expression and instead saw an assignment            no-cond-assign
  2:16625   warning  Expected to return a value in method 'get'                                 getter-return
  2:16762   warning  'r' is defined but never used                                              no-unused-vars
  2:16764   warning  'a' is defined but never used                                              no-unused-vars
  2:16766   warning  'i' is defined but never used                                              no-unused-vars
  2:16768   warning  'o' is defined but never used                                              no-unused-vars
  2:16770   warning  's' is defined but never used                                              no-unused-vars
  2:16772   warning  'l' is defined but never used                                              no-unused-vars
  2:16945   warning  'e' is defined but never used                                              no-unused-vars
  2:16947   warning  't' is defined but never used                                              no-unused-vars
  2:16949   warning  'n' is defined but never used                                              no-unused-vars
  2:16951   warning  'r' is defined but never used                                              no-unused-vars
  2:16953   warning  'a' is defined but never used                                              no-unused-vars
  2:16955   warning  'i' is defined but never used                                              no-unused-vars
  2:16957   warning  'o' is defined but never used                                              no-unused-vars
  2:16959   warning  's' is defined but never used                                              no-unused-vars
  2:16961   warning  'l' is defined but never used                                              no-unused-vars
  2:25840   warning  Do not access Object.prototype method 'hasOwnProperty' from target object  no-prototype-builtins
  2:26160   warning  Invalid typeof comparison value                                            valid-typeof
  2:26334   warning  Invalid typeof comparison value                                            valid-typeof
  2:33138   warning  Expected a conditional expression and instead saw an assignment            no-cond-assign
  2:34356   warning  Do not access Object.prototype method 'hasOwnProperty' from target object  no-prototype-builtins
  2:36856   warning  'e' is defined but never used                                              no-unused-vars
  2:36858   warning  't' is defined but never used                                              no-unused-vars
  2:36860   warning  'n' is defined but never used                                              no-unused-vars
  2:36862   warning  'r' is defined but never used                                              no-unused-vars
  2:36864   warning  'a' is defined but never used                                              no-unused-vars
  2:36866   warning  'o' is defined but never used                                              no-unused-vars
  2:36868   warning  's' is defined but never used                                              no-unused-vars
  2:36870   warning  'l' is defined but never used                                              no-unused-vars
  2:36872   warning  'u' is defined but never used                                              no-unused-vars
  2:38813   warning  Expected a 'break' statement before 'case'                                 no-fallthrough
  2:39000   warning  Expected a 'break' statement before 'case'                                 no-fallthrough
  2:40111   warning  Expected a conditional expression and instead saw an assignment            no-cond-assign
  2:40185   warning  Expected a conditional expression and instead saw an assignment            no-cond-assign
  2:41538   warning  Expected a 'break' statement before 'case'                                 no-fallthrough
  2:43510   warning  Unexpected control character(s) in regular expression: \x00                no-control-regex
  2:45116   warning  Expected a conditional expression and instead saw an assignment            no-cond-assign
  2:45216   warning  Expected a conditional expression and instead saw an assignment            no-cond-assign
  2:52615   warning  Expected a 'break' statement before 'case'                                 no-fallthrough
  2:54582   warning  Expected a conditional expression and instead saw an assignment            no-cond-assign
  2:56033   warning  Expected a conditional expression and instead saw an assignment            no-cond-assign
  2:61865   warning  Expected a conditional expression and instead saw an assignment            no-cond-assign
  2:68476   warning  Empty block statement                                                      no-empty
  2:75663   warning  Expected a conditional expression and instead saw an assignment            no-cond-assign
  2:76793   warning  Expected a conditional expression and instead saw an assignment            no-cond-assign
  2:79550   warning  Expected a conditional expression and instead saw an assignment            no-cond-assign
  2:85165   warning  Do not access Object.prototype method 'hasOwnProperty' from target object  no-prototype-builtins
  2:85445   warning  Do not access Object.prototype method 'hasOwnProperty' from target object  no-prototype-builtins
  2:85890   warning  Unnecessary escape character: \/                                           no-useless-escape
  2:86758   warning  Do not access Object.prototype method 'hasOwnProperty' from target object  no-prototype-builtins
  2:87066   warning  Do not access Object.prototype method 'hasOwnProperty' from target object  no-prototype-builtins
  2:92059   warning  Do not access Object.prototype method 'hasOwnProperty' from target object  no-prototype-builtins
  2:92080   warning  Do not access Object.prototype method 'hasOwnProperty' from target object  no-prototype-builtins
  2:92150   warning  Do not access Object.prototype method 'hasOwnProperty' from target object  no-prototype-builtins
  2:92330   warning  Do not access Object.prototype method 'hasOwnProperty' from target object  no-prototype-builtins
  2:92432   warning  Do not access Object.prototype method 'hasOwnProperty' from target object  no-prototype-builtins
  2:92512   warning  Do not access Object.prototype method 'hasOwnProperty' from target object  no-prototype-builtins
  2:92536   warning  Do not access Object.prototype method 'hasOwnProperty' from target object  no-prototype-builtins
  2:92588   warning  Do not access Object.prototype method 'hasOwnProperty' from target object  no-prototype-builtins
  2:92943   warning  Do not access Object.prototype method 'hasOwnProperty' from target object  no-prototype-builtins
  2:95350   warning  Empty block statement                                                      no-empty
  2:95385   warning  Expected a 'break' statement before 'case'                                 no-fallthrough
  2:99457   warning  Do not access Object.prototype method 'hasOwnProperty' from target object  no-prototype-builtins
  2:99984   warning  Expected a 'break' statement before 'case'                                 no-fallthrough
  2:112490  warning  Empty block statement                                                      no-empty
  2:114192  warning  Empty block statement                                                      no-empty
  2:124671  warning  Expected a conditional expression and instead saw an assignment            no-cond-assign
  2:126416  warning  'Ne' is a function                                                         no-func-assign
  2:126422  warning  'Te' is a function                                                         no-func-assign
  2:127369  warning  '__REACT_DEVTOOLS_GLOBAL_HOOK__' is not defined                            no-undef
  2:127472  warning  Empty block statement                                                      no-empty
  2:129825  warning  '__REACT_DEVTOOLS_GLOBAL_HOOK__' is not defined                            no-undef
  2:129869  warning  '__REACT_DEVTOOLS_GLOBAL_HOOK__' is not defined                            no-undef
  2:130347  warning  Do not access Object.prototype method 'hasOwnProperty' from target object  no-prototype-builtins
  2:131992  warning  Do not access Object.prototype method 'hasOwnProperty' from target object  no-prototype-builtins
  2:135020  warning  Do not access Object.prototype method 'hasOwnProperty' from target object  no-prototype-builtins
  2:137964  warning  'setImmediate' is not defined                                              no-undef
  2:141872  warning  'e' is defined but never used                                              no-unused-vars
  2:141995  warning  'o' is defined but never used                                              no-unused-vars
  2:144778  warning  Unsafe usage of ReturnStatement                                            no-unsafe-finally
  2:144798  warning  Unsafe usage of ThrowStatement                                             no-unsafe-finally
  2:145318  warning  'p' is a function                                                          no-func-assign
  2:146152  warning  'y' is a function                                                          no-func-assign
  2:146551  warning  'x' is a function                                                          no-func-assign
  2:147404  warning  'e' is defined but never used                                              no-unused-vars
  2:147406  warning  't' is defined but never used                                              no-unused-vars
  2:147408  warning  'n' is defined but never used                                              no-unused-vars
  2:147418  warning  'j' is a function                                                          no-func-assign
  2:147652  warning  'S' is a function                                                          no-func-assign
  2:148174  warning  'E' is a function                                                          no-func-assign
  2:148651  warning  Empty block statement                                                      no-empty
  2:152908  warning  Unsafe usage of ThrowStatement                                             no-unsafe-finally
  2:157440  warning  're' is assigned a value but never used                                    no-unused-vars
  2:157860  warning  'se' is a function                                                         no-func-assign
  2:158132  warning  'ce' is assigned a value but never used                                    no-unused-vars
  2:163529  warning  'e' is defined but never used                                              no-unused-vars
  2:163585  warning  'e' is defined but never used                                              no-unused-vars
  2:163641  warning  'e' is defined but never used                                              no-unused-vars
  2:163659  warning  'e' is defined but never used                                              no-unused-vars
  2:163804  warning  'e' is defined but never used                                              no-unused-vars
  2:164723  warning  'Fe' is assigned a value but never used                                    no-unused-vars
  2:165551  warning  '_e' is a function                                                         no-func-assign
  2:167861  warning  Empty block statement                                                      no-empty
  2:179095  warning  Unnecessary escape character: \.                                           no-useless-escape
  2:179117  warning  Unnecessary escape character: \.                                           no-useless-escape
  2:179128  warning  Unnecessary escape character: \,                                           no-useless-escape
  2:179130  warning  Unnecessary escape character: \/                                           no-useless-escape
  2:179140  warning  Unnecessary escape character: \.                                           no-useless-escape
  2:179193  warning  Unnecessary escape character: \.                                           no-useless-escape
  2:179215  warning  Unnecessary escape character: \.                                           no-useless-escape
  2:179226  warning  Unnecessary escape character: \,                                           no-useless-escape
  2:179228  warning  Unnecessary escape character: \/                                           no-useless-escape
  2:179238  warning  Unnecessary escape character: \.                                           no-useless-escape
  2:182736  warning  'require' is not defined                                                   no-undef
  2:182846  warning  Empty block statement                                                      no-empty
  2:187561  warning  Expected a conditional expression and instead saw an assignment            no-cond-assign
  2:200345  warning  Do not access Object.prototype method 'hasOwnProperty' from target object  no-prototype-builtins
  2:200930  warning  Expected a conditional expression and instead saw an assignment            no-cond-assign
  2:216355  warning  Unnecessary escape character: \-                                           no-useless-escape
  2:220952  warning  Do not access Object.prototype method 'hasOwnProperty' from target object  no-prototype-builtins
  2:224395  warning  Do not access Object.prototype method 'hasOwnProperty' from target object  no-prototype-builtins
  2:257519  warning  Redundant double negation                                                  no-extra-boolean-cast
  2:258582  warning  Redundant Boolean call                                                     no-extra-boolean-cast
  2:272435  warning  Unexpected comma in middle of array                                        no-sparse-arrays
  2:277638  warning  'e' is defined but never used                                              no-unused-vars
  2:277640  warning  't' is defined but never used                                              no-unused-vars
  2:286630  warning  'bl' is a function                                                         no-func-assign

/home/runner/work/exp-encryption-plaintext-using-aes-au/exp-encryption-plaintext-using-aes-au/experiment/simulation/static/js/main.7b1628a8.js
  2:671     warning  Unexpected combined character in character class                           no-misleading-character-class
  2:2560    warning  Unnecessary escape character: \-                                           no-useless-escape
  2:2642    warning  Do not access Object.prototype method 'hasOwnProperty' from target object  no-prototype-builtins
  2:7180    warning  Expected a conditional expression and instead saw an assignment            no-cond-assign
  2:8170    warning  Empty block statement                                                      no-empty
  2:9375    warning  Do not access Object.prototype method 'hasOwnProperty' from target object  no-prototype-builtins
  2:10835   warning  Do not access Object.prototype method 'hasOwnProperty' from target object  no-prototype-builtins
  2:10876   warning  Do not access Object.prototype method 'hasOwnProperty' from target object  no-prototype-builtins
  2:11041   warning  Do not access Object.prototype method 'hasOwnProperty' from target object  no-prototype-builtins
  2:11068   warning  Do not access Object.prototype method 'hasOwnProperty' from target object  no-prototype-builtins
  2:11656   warning  Do not access Object.prototype method 'hasOwnProperty' from target object  no-prototype-builtins
  2:13290   warning  'MSApp' is not defined                                                     no-undef
  2:13333   warning  'n' is defined but never used                                              no-unused-vars
  2:13335   warning  'r' is defined but never used                                              no-unused-vars
  2:13338   warning  'MSApp' is not defined                                                     no-undef
  2:14303   warning  Do not access Object.prototype method 'hasOwnProperty' from target object  no-prototype-builtins
  2:14396   warning  Do not access Object.prototype method 'hasOwnProperty' from target object  no-prototype-builtins
  2:15603   warning  Expected a conditional expression and instead saw an assignment            no-cond-assign
  2:16625   warning  Expected to return a value in method 'get'                                 getter-return
  2:16762   warning  'r' is defined but never used                                              no-unused-vars
  2:16764   warning  'a' is defined but never used                                              no-unused-vars
  2:16766   warning  'i' is defined but never used                                              no-unused-vars
  2:16768   warning  'o' is defined but never used                                              no-unused-vars
  2:16770   warning  's' is defined but never used                                              no-unused-vars
  2:16772   warning  'l' is defined but never used                                              no-unused-vars
  2:16945   warning  'e' is defined but never used                                              no-unused-vars
  2:16947   warning  't' is defined but never used                                              no-unused-vars
  2:16949   warning  'n' is defined but never used                                              no-unused-vars
  2:16951   warning  'r' is defined but never used                                              no-unused-vars
  2:16953   warning  'a' is defined but never used                                              no-unused-vars
  2:16955   warning  'i' is defined but never used                                              no-unused-vars
  2:16957   warning  'o' is defined but never used                                              no-unused-vars
  2:16959   warning  's' is defined but never used                                              no-unused-vars
  2:16961   warning  'l' is defined but never used                                              no-unused-vars
  2:25840   warning  Do not access Object.prototype method 'hasOwnProperty' from target object  no-prototype-builtins
  2:26160   warning  Invalid typeof comparison value                                            valid-typeof
  2:26334   warning  Invalid typeof comparison value                                            valid-typeof
  2:33138   warning  Expected a conditional expression and instead saw an assignment            no-cond-assign
  2:34356   warning  Do not access Object.prototype method 'hasOwnProperty' from target object  no-prototype-builtins
  2:36856   warning  'e' is defined but never used                                              no-unused-vars
  2:36858   warning  't' is defined but never used                                              no-unused-vars
  2:36860   warning  'n' is defined but never used                                              no-unused-vars
  2:36862   warning  'r' is defined but never used                                              no-unused-vars
  2:36864   warning  'a' is defined but never used                                              no-unused-vars
  2:36866   warning  'o' is defined but never used                                              no-unused-vars
  2:36868   warning  's' is defined but never used                                              no-unused-vars
  2:36870   warning  'l' is defined but never used                                              no-unused-vars
  2:36872   warning  'u' is defined but never used                                              no-unused-vars
  2:38813   warning  Expected a 'break' statement before 'case'                                 no-fallthrough
  2:39000   warning  Expected a 'break' statement before 'case'                                 no-fallthrough
  2:40111   warning  Expected a conditional expression and instead saw an assignment            no-cond-assign
  2:40185   warning  Expected a conditional expression and instead saw an assignment            no-cond-assign
  2:41538   warning  Expected a 'break' statement before 'case'                                 no-fallthrough
  2:43510   warning  Unexpected control character(s) in regular expression: \x00                no-control-regex
  2:45116   warning  Expected a conditional expression and instead saw an assignment            no-cond-assign
  2:45216   warning  Expected a conditional expression and instead saw an assignment            no-cond-assign
  2:52615   warning  Expected a 'break' statement before 'case'                                 no-fallthrough
  2:54582   warning  Expected a conditional expression and instead saw an assignment            no-cond-assign
  2:56033   warning  Expected a conditional expression and instead saw an assignment            no-cond-assign
  2:61865   warning  Expected a conditional expression and instead saw an assignment            no-cond-assign
  2:68476   warning  Empty block statement                                                      no-empty
  2:75663   warning  Expected a conditional expression and instead saw an assignment            no-cond-assign
  2:76793   warning  Expected a conditional expression and instead saw an assignment            no-cond-assign
  2:79550   warning  Expected a conditional expression and instead saw an assignment            no-cond-assign
  2:85165   warning  Do not access Object.prototype method 'hasOwnProperty' from target object  no-prototype-builtins
  2:85445   warning  Do not access Object.prototype method 'hasOwnProperty' from target object  no-prototype-builtins
  2:85890   warning  Unnecessary escape character: \/                                           no-useless-escape
  2:86758   warning  Do not access Object.prototype method 'hasOwnProperty' from target object  no-prototype-builtins
  2:87066   warning  Do not access Object.prototype method 'hasOwnProperty' from target object  no-prototype-builtins
  2:92059   warning  Do not access Object.prototype method 'hasOwnProperty' from target object  no-prototype-builtins
  2:92080   warning  Do not access Object.prototype method 'hasOwnProperty' from target object  no-prototype-builtins
  2:92150   warning  Do not access Object.prototype method 'hasOwnProperty' from target object  no-prototype-builtins
  2:92330   warning  Do not access Object.prototype method 'hasOwnProperty' from target object  no-prototype-builtins
  2:92432   warning  Do not access Object.prototype method 'hasOwnProperty' from target object  no-prototype-builtins
  2:92512   warning  Do not access Object.prototype method 'hasOwnProperty' from target object  no-prototype-builtins
  2:92536   warning  Do not access Object.prototype method 'hasOwnProperty' from target object  no-prototype-builtins
  2:92588   warning  Do not access Object.prototype method 'hasOwnProperty' from target object  no-prototype-builtins
  2:92943   warning  Do not access Object.prototype method 'hasOwnProperty' from target object  no-prototype-builtins
  2:95350   warning  Empty block statement                                                      no-empty
  2:95385   warning  Expected a 'break' statement before 'case'                                 no-fallthrough
  2:99457   warning  Do not access Object.prototype method 'hasOwnProperty' from target object  no-prototype-builtins
  2:99984   warning  Expected a 'break' statement before 'case'                                 no-fallthrough
  2:112490  warning  Empty block statement                                                      no-empty
  2:114192  warning  Empty block statement                                                      no-empty
  2:124671  warning  Expected a conditional expression and instead saw an assignment            no-cond-assign
  2:126416  warning  'Ne' is a function                                                         no-func-assign
  2:126422  warning  'Te' is a function                                                         no-func-assign
  2:127369  warning  '__REACT_DEVTOOLS_GLOBAL_HOOK__' is not defined                            no-undef
  2:127472  warning  Empty block statement                                                      no-empty
  2:129825  warning  '__REACT_DEVTOOLS_GLOBAL_HOOK__' is not defined                            no-undef
  2:129869  warning  '__REACT_DEVTOOLS_GLOBAL_HOOK__' is not defined                            no-undef
  2:130347  warning  Do not access Object.prototype method 'hasOwnProperty' from target object  no-prototype-builtins
  2:131992  warning  Do not access Object.prototype method 'hasOwnProperty' from target object  no-prototype-builtins
  2:135020  warning  Do not access Object.prototype method 'hasOwnProperty' from target object  no-prototype-builtins
  2:137964  warning  'setImmediate' is not defined                                              no-undef
  2:141872  warning  'e' is defined but never used                                              no-unused-vars
  2:141995  warning  'o' is defined but never used                                              no-unused-vars
  2:144778  warning  Unsafe usage of ReturnStatement                                            no-unsafe-finally
  2:144798  warning  Unsafe usage of ThrowStatement                                             no-unsafe-finally
  2:145318  warning  'p' is a function                                                          no-func-assign
  2:146152  warning  'y' is a function                                                          no-func-assign
  2:146551  warning  'x' is a function                                                          no-func-assign
  2:147404  warning  'e' is defined but never used                                              no-unused-vars
  2:147406  warning  't' is defined but never used                                              no-unused-vars
  2:147408  warning  'n' is defined but never used                                              no-unused-vars
  2:147418  warning  'S' is a function                                                          no-func-assign
  2:147652  warning  'j' is a function                                                          no-func-assign
  2:148174  warning  'E' is a function                                                          no-func-assign
  2:148651  warning  Empty block statement                                                      no-empty
  2:152908  warning  Unsafe usage of ThrowStatement                                             no-unsafe-finally
  2:157440  warning  're' is assigned a value but never used                                    no-unused-vars
  2:157860  warning  'se' is a function                                                         no-func-assign
  2:158132  warning  'ce' is assigned a value but never used                                    no-unused-vars
  2:163529  warning  'e' is defined but never used                                              no-unused-vars
  2:163585  warning  'e' is defined but never used                                              no-unused-vars
  2:163641  warning  'e' is defined but never used                                              no-unused-vars
  2:163659  warning  'e' is defined but never used                                              no-unused-vars
  2:163804  warning  'e' is defined but never used                                              no-unused-vars
  2:164723  warning  'Fe' is assigned a value but never used                                    no-unused-vars
  2:165551  warning  'Oe' is a function                                                         no-func-assign
  2:167861  warning  Empty block statement                                                      no-empty
  2:179095  warning  Unnecessary escape character: \.                                           no-useless-escape
  2:179117  warning  Unnecessary escape character: \.                                           no-useless-escape
  2:179128  warning  Unnecessary escape character: \,                                           no-useless-escape
  2:179130  warning  Unnecessary escape character: \/                                           no-useless-escape
  2:179140  warning  Unnecessary escape character: \.                                           no-useless-escape
  2:179193  warning  Unnecessary escape character: \.                                           no-useless-escape
  2:179215  warning  Unnecessary escape character: \.                                           no-useless-escape
  2:179226  warning  Unnecessary escape character: \,                                           no-useless-escape
  2:179228  warning  Unnecessary escape character: \/                                           no-useless-escape
  2:179238  warning  Unnecessary escape character: \.                                           no-useless-escape
  2:182736  warning  'require' is not defined                                                   no-undef
  2:182846  warning  Empty block statement                                                      no-empty
  2:187561  warning  Expected a conditional expression and instead saw an assignment            no-cond-assign
  2:200345  warning  Do not access Object.prototype method 'hasOwnProperty' from target object  no-prototype-builtins
  2:200930  warning  Expected a conditional expression and instead saw an assignment            no-cond-assign
  2:216355  warning  Unnecessary escape character: \-                                           no-useless-escape
  2:220952  warning  Do not access Object.prototype method 'hasOwnProperty' from target object  no-prototype-builtins
  2:224395  warning  Do not access Object.prototype method 'hasOwnProperty' from target object  no-prototype-builtins
  2:257519  warning  Redundant double negation                                                  no-extra-boolean-cast
  2:258582  warning  Redundant Boolean call                                                     no-extra-boolean-cast
  2:272435  warning  Unexpected comma in middle of array                                        no-sparse-arrays
  2:277638  warning  'e' is defined but never used                                              no-unused-vars
  2:277640  warning  't' is defined but never used                                              no-unused-vars
  2:286630  warning  'bl' is a function                                                         no-func-assign

 582 problems (0 errors, 582 warnings)
  0 errors and 8 warnings potentially fixable with the `--fix` option.

